<?xml version="1.0" encoding="UTF-8"?>
<testng-results ignored="0" total="2" passed="2" failed="0" skipped="0">
  <reporter-output>
  </reporter-output>
  <suite started-at="2025-07-30T19:41:52 IST" name="Default suite" finished-at="2025-07-30T19:41:52 IST" duration-ms="61">
    <groups>
    </groups>
    <test started-at="2025-07-30T19:41:52 IST" name="Default test" finished-at="2025-07-30T19:41:52 IST" duration-ms="61">
      <class name="dec23_testNGARRocation.annotation3">
        <test-method is-config="true" signature="beforeMethod()[pri:0, instance:dec23_testNGARRocation.annotation3@79e2c065]" started-at="2025-07-30T19:41:52 IST" name="beforeMethod" finished-at="2025-07-30T19:41:52 IST" duration-ms="8" status="PASS">
          <reporter-output>
          </reporter-output>
        </test-method> <!-- beforeMethod -->
        <test-method signature="testCase1()[pri:0, instance:dec23_testNGARRocation.annotation3@79e2c065]" started-at="2025-07-30T19:41:52 IST" name="testCase1" finished-at="2025-07-30T19:41:52 IST" duration-ms="4" status="PASS">
          <reporter-output>
          </reporter-output>
        </test-method> <!-- testCase1 -->
        <test-method is-config="true" signature="afterMethod()[pri:0, instance:dec23_testNGARRocation.annotation3@79e2c065]" started-at="2025-07-30T19:41:52 IST" name="afterMethod" finished-at="2025-07-30T19:41:52 IST" duration-ms="1" status="PASS">
          <reporter-output>
          </reporter-output>
        </test-method> <!-- afterMethod -->
        <test-method is-config="true" signature="beforeMethod()[pri:0, instance:dec23_testNGARRocation.annotation3@79e2c065]" started-at="2025-07-30T19:41:52 IST" name="beforeMethod" finished-at="2025-07-30T19:41:52 IST" duration-ms="1" status="PASS">
          <reporter-output>
          </reporter-output>
        </test-method> <!-- beforeMethod -->
        <test-method signature="testCase2()[pri:0, instance:dec23_testNGARRocation.annotation3@79e2c065]" started-at="2025-07-30T19:41:52 IST" name="testCase2" finished-at="2025-07-30T19:41:52 IST" duration-ms="1" status="PASS">
          <reporter-output>
          </reporter-output>
        </test-method> <!-- testCase2 -->
        <test-method is-config="true" signature="afterMethod()[pri:0, instance:dec23_testNGARRocation.annotation3@79e2c065]" started-at="2025-07-30T19:41:52 IST" name="afterMethod" finished-at="2025-07-30T19:41:52 IST" duration-ms="0" status="PASS">
          <reporter-output>
          </reporter-output>
        </test-method> <!-- afterMethod -->
      </class> <!-- dec23_testNGARRocation.annotation3 -->
    </test> <!-- Default test -->
  </suite> <!-- Default suite -->
</testng-results>
